<?xml version="1.1" encoding="UTF-8"?>
<testsuite name="com.netdevide.helloworld.HelloWorldTest" tests="3" failures="0" errors="0" timestamp="2013-09-01T01:51:03" hostname="Scott-PC" time="0.009">
  <properties/>
  <testcase name="testGetHello" classname="com.netdevide.helloworld.HelloWorldTest" time="0.001"/>
  <testcase name="testGetWorld" classname="com.netdevide.helloworld.HelloWorldTest" time="0.0"/>
  <testcase name="testHelloWorld" classname="com.netdevide.helloworld.HelloWorldTest" time="0.007"/>
  <system-out><![CDATA[Hello World
]]></system-out>
  <system-err><![CDATA[]]></system-err>
</testsuite>
