<?xml version="1.1" encoding="UTF-8"?>
<testsuite name="com.springapp.mvc.AppTests" tests="1" failures="0" errors="0" timestamp="1970-01-01T00:00:00" hostname="Scott-PC" time="1.378003050981E9">
  <properties/>
  <testcase name="simple" classname="com.springapp.mvc.AppTests" time="2.913"/>
  <system-out><![CDATA[]]></system-out>
  <system-err><![CDATA[log4j:WARN No appenders could be found for logger (org.springframework.test.context.junit4.SpringJUnit4ClassRunner).
log4j:WARN Please initialize the log4j system properly.
log4j:WARN See http://logging.apache.org/log4j/1.2/faq.html#noconfig for more info.
]]></system-err>
</testsuite>
